<?xml version="1.0" ?>
<!DOCTYPE coverage SYSTEM "http://cobertura.sourceforge.net/xml/coverage-04.dtd">
<coverage lines-valid="167" lines-covered="6" line-rate="0.0359" branches-valid="12" branches-covered="0" branch-rate="0" timestamp="1736577497666" complexity="0" version="0.1">
  <sources>
    <source>/private/var/folders/j3/ygyzsw613xb2hrtl2fmqddw80000gn/T/khareyash05/openinapp</source>
  </sources>
  <packages>
    <package name="src" line-rate="0.0291" branch-rate="0">
      <classes>
        <class name="app.js" filename="src/app.js" line-rate="0" branch-rate="0">
          <methods>
            <method name="(anonymous_0)" hits="0" signature="()V">
              <lines>
                <line number="22" hits="0"/>
              </lines>
            </method>
            <method name="(anonymous_1)" hits="0" signature="()V">
              <lines>
                <line number="35" hits="0"/>
              </lines>
            </method>
            <method name="(anonymous_2)" hits="0" signature="()V">
              <lines>
                <line number="42" hits="0"/>
              </lines>
            </method>
            <method name="(anonymous_3)" hits="0" signature="()V">
              <lines>
                <line number="54" hits="0"/>
              </lines>
            </method>
            <method name="(anonymous_4)" hits="0" signature="()V">
              <lines>
                <line number="67" hits="0"/>
              </lines>
            </method>
            <method name="(anonymous_5)" hits="0" signature="()V">
              <lines>
                <line number="88" hits="0"/>
              </lines>
            </method>
            <method name="(anonymous_6)" hits="0" signature="()V">
              <lines>
                <line number="104" hits="0"/>
              </lines>
            </method>
            <method name="(anonymous_7)" hits="0" signature="()V">
              <lines>
                <line number="120" hits="0"/>
              </lines>
            </method>
            <method name="(anonymous_8)" hits="0" signature="()V">
              <lines>
                <line number="133" hits="0"/>
              </lines>
            </method>
            <method name="(anonymous_9)" hits="0" signature="()V">
              <lines>
                <line number="144" hits="0"/>
              </lines>
            </method>
            <method name="(anonymous_10)" hits="0" signature="()V">
              <lines>
                <line number="154" hits="0"/>
              </lines>
            </method>
          </methods>
          <lines>
            <line number="1" hits="0" branch="false"/>
            <line number="2" hits="0" branch="false"/>
            <line number="3" hits="0" branch="false"/>
            <line number="4" hits="0" branch="false"/>
            <line number="5" hits="0" branch="false"/>
            <line number="7" hits="0" branch="false"/>
            <line number="9" hits="0" branch="false"/>
            <line number="10" hits="0" branch="false"/>
            <line number="11" hits="0" branch="false"/>
            <line number="14" hits="0" branch="false"/>
            <line number="16" hits="0" branch="true" condition-coverage="0% (0/2)"/>
            <line number="17" hits="0" branch="false"/>
            <line number="19" hits="0" branch="false"/>
            <line number="20" hits="0" branch="false"/>
            <line number="22" hits="0" branch="false"/>
            <line number="23" hits="0" branch="false"/>
            <line number="24" hits="0" branch="false"/>
            <line number="25" hits="0" branch="false"/>
            <line number="26" hits="0" branch="false"/>
            <line number="27" hits="0" branch="false"/>
            <line number="29" hits="0" branch="false"/>
            <line number="31" hits="0" branch="false"/>
            <line number="35" hits="0" branch="false"/>
            <line number="36" hits="0" branch="false"/>
            <line number="37" hits="0" branch="false"/>
            <line number="38" hits="0" branch="false"/>
            <line number="42" hits="0" branch="false"/>
            <line number="43" hits="0" branch="false"/>
            <line number="44" hits="0" branch="false"/>
            <line number="45" hits="0" branch="false"/>
            <line number="46" hits="0" branch="false"/>
            <line number="47" hits="0" branch="false"/>
            <line number="49" hits="0" branch="false"/>
            <line number="54" hits="0" branch="false"/>
            <line number="55" hits="0" branch="false"/>
            <line number="56" hits="0" branch="false"/>
            <line number="57" hits="0" branch="false"/>
            <line number="58" hits="0" branch="false"/>
            <line number="59" hits="0" branch="false"/>
            <line number="60" hits="0" branch="false"/>
            <line number="62" hits="0" branch="false"/>
            <line number="67" hits="0" branch="false"/>
            <line number="68" hits="0" branch="false"/>
            <line number="69" hits="0" branch="false"/>
            <line number="70" hits="0" branch="false"/>
            <line number="76" hits="0" branch="false"/>
            <line number="81" hits="0" branch="false"/>
            <line number="83" hits="0" branch="false"/>
            <line number="88" hits="0" branch="false"/>
            <line number="89" hits="0" branch="false"/>
            <line number="90" hits="0" branch="false"/>
            <line number="91" hits="0" branch="false"/>
            <line number="96" hits="0" branch="false"/>
            <line number="97" hits="0" branch="false"/>
            <line number="99" hits="0" branch="false"/>
            <line number="104" hits="0" branch="false"/>
            <line number="105" hits="0" branch="false"/>
            <line number="106" hits="0" branch="false"/>
            <line number="107" hits="0" branch="false"/>
            <line number="108" hits="0" branch="false"/>
            <line number="113" hits="0" branch="false"/>
            <line number="115" hits="0" branch="false"/>
            <line number="120" hits="0" branch="false"/>
            <line number="121" hits="0" branch="false"/>
            <line number="122" hits="0" branch="false"/>
            <line number="123" hits="0" branch="false"/>
            <line number="124" hits="0" branch="false"/>
            <line number="126" hits="0" branch="false"/>
            <line number="128" hits="0" branch="false"/>
            <line number="133" hits="0" branch="false"/>
            <line number="134" hits="0" branch="false"/>
            <line number="135" hits="0" branch="false"/>
            <line number="136" hits="0" branch="false"/>
            <line number="137" hits="0" branch="false"/>
            <line number="139" hits="0" branch="false"/>
            <line number="144" hits="0" branch="false"/>
            <line number="145" hits="0" branch="false"/>
            <line number="146" hits="0" branch="false"/>
            <line number="147" hits="0" branch="false"/>
            <line number="148" hits="0" branch="false"/>
            <line number="150" hits="0" branch="false"/>
            <line number="154" hits="0" branch="false"/>
            <line number="155" hits="0" branch="false"/>
          </lines>
        </class>
        <class name="b.js" filename="src/b.js" line-rate="1" branch-rate="1">
          <methods>
            <method name="sayBye" hits="1" signature="()V">
              <lines>
                <line number="1" hits="1"/>
              </lines>
            </method>
          </methods>
          <lines>
            <line number="2" hits="1" branch="false"/>
            <line number="5" hits="1" branch="false"/>
          </lines>
        </class>
        <class name="cronJobs.js" filename="src/cronJobs.js" line-rate="0" branch-rate="1">
          <methods>
            <method name="(anonymous_0)" hits="0" signature="()V">
              <lines>
                <line number="11" hits="0"/>
              </lines>
            </method>
            <method name="(anonymous_1)" hits="0" signature="()V">
              <lines>
                <line number="52" hits="0"/>
              </lines>
            </method>
            <method name="(anonymous_2)" hits="0" signature="()V">
              <lines>
                <line number="57" hits="0"/>
              </lines>
            </method>
            <method name="(anonymous_3)" hits="0" signature="()V">
              <lines>
                <line number="62" hits="0"/>
              </lines>
            </method>
            <method name="(anonymous_4)" hits="0" signature="()V">
              <lines>
                <line number="67" hits="0"/>
              </lines>
            </method>
            <method name="(anonymous_5)" hits="0" signature="()V">
              <lines>
                <line number="72" hits="0"/>
              </lines>
            </method>
            <method name="(anonymous_6)" hits="0" signature="()V">
              <lines>
                <line number="88" hits="0"/>
              </lines>
            </method>
            <method name="(anonymous_7)" hits="0" signature="()V">
              <lines>
                <line number="96" hits="0"/>
              </lines>
            </method>
          </methods>
          <lines>
            <line number="1" hits="0" branch="false"/>
            <line number="2" hits="0" branch="false"/>
            <line number="5" hits="0" branch="false"/>
            <line number="7" hits="0" branch="false"/>
            <line number="8" hits="0" branch="false"/>
            <line number="11" hits="0" branch="false"/>
            <line number="12" hits="0" branch="false"/>
            <line number="13" hits="0" branch="false"/>
            <line number="14" hits="0" branch="false"/>
            <line number="15" hits="0" branch="false"/>
            <line number="16" hits="0" branch="false"/>
            <line number="17" hits="0" branch="false"/>
            <line number="20" hits="0" branch="false"/>
            <line number="23" hits="0" branch="false"/>
            <line number="29" hits="0" branch="false"/>
            <line number="34" hits="0" branch="false"/>
            <line number="37" hits="0" branch="false"/>
            <line number="46" hits="0" branch="false"/>
            <line number="52" hits="0" branch="false"/>
            <line number="53" hits="0" branch="false"/>
            <line number="54" hits="0" branch="false"/>
            <line number="57" hits="0" branch="false"/>
            <line number="58" hits="0" branch="false"/>
            <line number="59" hits="0" branch="false"/>
            <line number="62" hits="0" branch="false"/>
            <line number="63" hits="0" branch="false"/>
            <line number="64" hits="0" branch="false"/>
            <line number="67" hits="0" branch="false"/>
            <line number="68" hits="0" branch="false"/>
            <line number="69" hits="0" branch="false"/>
            <line number="72" hits="0" branch="false"/>
            <line number="73" hits="0" branch="false"/>
            <line number="74" hits="0" branch="false"/>
            <line number="77" hits="0" branch="false"/>
            <line number="79" hits="0" branch="false"/>
            <line number="83" hits="0" branch="false"/>
            <line number="84" hits="0" branch="false"/>
            <line number="85" hits="0" branch="false"/>
            <line number="88" hits="0" branch="false"/>
            <line number="89" hits="0" branch="false"/>
            <line number="90" hits="0" branch="false"/>
            <line number="93" hits="0" branch="false"/>
            <line number="96" hits="0" branch="false"/>
            <line number="99" hits="0" branch="false"/>
            <line number="100" hits="0" branch="false"/>
            <line number="101" hits="0" branch="false"/>
            <line number="102" hits="0" branch="false"/>
            <line number="108" hits="0" branch="false"/>
            <line number="109" hits="0" branch="false"/>
            <line number="112" hits="0" branch="false"/>
          </lines>
        </class>
        <class name="hello.js" filename="src/hello.js" line-rate="1" branch-rate="1">
          <methods>
            <method name="sayHello" hits="1" signature="()V">
              <lines>
                <line number="1" hits="1"/>
              </lines>
            </method>
          </methods>
          <lines>
            <line number="2" hits="1" branch="false"/>
            <line number="5" hits="1" branch="false"/>
          </lines>
        </class>
      </classes>
    </package>
    <package name="src.apple" line-rate="1" branch-rate="1">
      <classes>
        <class name="d.js" filename="src/apple/d.js" line-rate="1" branch-rate="1">
          <methods>
            <method name="apple" hits="2" signature="()V">
              <lines>
                <line number="1" hits="2"/>
              </lines>
            </method>
          </methods>
          <lines>
            <line number="2" hits="2" branch="false"/>
            <line number="5" hits="1" branch="false"/>
          </lines>
        </class>
      </classes>
    </package>
    <package name="src.db" line-rate="0" branch-rate="1">
      <classes>
        <class name="conn.js" filename="src/db/conn.js" line-rate="0" branch-rate="1">
          <methods>
            <method name="(anonymous_0)" hits="0" signature="()V">
              <lines>
                <line number="12" hits="0"/>
              </lines>
            </method>
            <method name="(anonymous_1)" hits="0" signature="()V">
              <lines>
                <line number="14" hits="0"/>
              </lines>
            </method>
          </methods>
          <lines>
            <line number="1" hits="0" branch="false"/>
            <line number="2" hits="0" branch="false"/>
            <line number="3" hits="0" branch="false"/>
            <line number="5" hits="0" branch="false"/>
            <line number="7" hits="0" branch="false"/>
            <line number="13" hits="0" branch="false"/>
            <line number="14" hits="0" branch="false"/>
          </lines>
        </class>
      </classes>
    </package>
    <package name="src.middleware" line-rate="0" branch-rate="0">
      <classes>
        <class name="authenticateToken.js" filename="src/middleware/authenticateToken.js" line-rate="0" branch-rate="0">
          <methods>
            <method name="(anonymous_0)" hits="0" signature="()V">
              <lines>
                <line number="3" hits="0"/>
              </lines>
            </method>
            <method name="(anonymous_1)" hits="0" signature="()V">
              <lines>
                <line number="7" hits="0"/>
              </lines>
            </method>
          </methods>
          <lines>
            <line number="1" hits="0" branch="false"/>
            <line number="3" hits="0" branch="false"/>
            <line number="4" hits="0" branch="false"/>
            <line number="5" hits="0" branch="true" condition-coverage="0% (0/2)"/>
            <line number="7" hits="0" branch="false"/>
            <line number="8" hits="0" branch="true" condition-coverage="0% (0/2)"/>
            <line number="9" hits="0" branch="false"/>
            <line number="10" hits="0" branch="false"/>
            <line number="14" hits="0" branch="false"/>
          </lines>
        </class>
      </classes>
    </package>
    <package name="src.model" line-rate="0" branch-rate="1">
      <classes>
        <class name="subtask.js" filename="src/model/subtask.js" line-rate="0" branch-rate="1">
          <methods>
          </methods>
          <lines>
            <line number="1" hits="0" branch="false"/>
            <line number="4" hits="0" branch="false"/>
            <line number="13" hits="0" branch="false"/>
            <line number="15" hits="0" branch="false"/>
          </lines>
        </class>
        <class name="task.js" filename="src/model/task.js" line-rate="0" branch-rate="1">
          <methods>
          </methods>
          <lines>
            <line number="1" hits="0" branch="false"/>
            <line number="3" hits="0" branch="false"/>
            <line number="15" hits="0" branch="false"/>
            <line number="16" hits="0" branch="false"/>
          </lines>
        </class>
        <class name="user.js" filename="src/model/user.js" line-rate="0" branch-rate="1">
          <methods>
          </methods>
          <lines>
            <line number="1" hits="0" branch="false"/>
            <line number="4" hits="0" branch="false"/>
            <line number="12" hits="0" branch="false"/>
            <line number="14" hits="0" branch="false"/>
          </lines>
        </class>
      </classes>
    </package>
  </packages>
</coverage>
